{"E:\\project\\imutils\\h5\\callBussinessQQ.js": {"path":"E:\\project\\imutils\\h5\\callBussinessQQ.js","statementMap":{"0":{"start":{"line":8,"column":14},"end":{"line":8,"column":61}},"1":{"start":{"line":9,"column":2},"end":{"line":24,"column":3}},"2":{"start":{"line":10,"column":4},"end":{"line":16,"column":5}},"3":{"start":{"line":11,"column":6},"end":{"line":11,"column":29}},"4":{"start":{"line":13,"column":6},"end":{"line":15,"column":9}},"5":{"start":{"line":17,"column":9},"end":{"line":24,"column":3}},"6":{"start":{"line":18,"column":4},"end":{"line":21,"column":7}},"7":{"start":{"line":23,"column":4},"end":{"line":23,"column":24}}},"fnMap":{"0":{"name":"callBussinessQQ","decl":{"start":{"line":7,"column":9},"end":{"line":7,"column":24}},"loc":{"start":{"line":7,"column":36},"end":{"line":25,"column":1}},"line":7}},"branchMap":{"0":{"loc":{"start":{"line":9,"column":2},"end":{"line":24,"column":3}},"type":"if","locations":[{"start":{"line":9,"column":2},"end":{"line":24,"column":3}},{"start":{"line":9,"column":2},"end":{"line":24,"column":3}}],"line":9},"1":{"loc":{"start":{"line":10,"column":4},"end":{"line":16,"column":5}},"type":"if","locations":[{"start":{"line":10,"column":4},"end":{"line":16,"column":5}},{"start":{"line":10,"column":4},"end":{"line":16,"column":5}}],"line":10},"2":{"loc":{"start":{"line":10,"column":8},"end":{"line":10,"column":50}},"type":"binary-expr","locations":[{"start":{"line":10,"column":8},"end":{"line":10,"column":26}},{"start":{"line":10,"column":30},"end":{"line":10,"column":50}}],"line":10},"3":{"loc":{"start":{"line":17,"column":9},"end":{"line":24,"column":3}},"type":"if","locations":[{"start":{"line":17,"column":9},"end":{"line":24,"column":3}},{"start":{"line":17,"column":9},"end":{"line":24,"column":3}}],"line":17}},"s":{"0":6,"1":6,"2":4,"3":1,"4":3,"5":2,"6":1,"7":1},"f":{"0":6},"b":{"0":[4,2],"1":[1,3],"2":[4,2],"3":[1,1]},"_coverageSchema":"332fd63041d2c1bcb487cc26dd0d5f7d97098a6c","hash":"6a3edef580a26fe5a198773642e1fff53eda1468"}
,"E:\\project\\imutils\\h5\\callService.js": {"path":"E:\\project\\imutils\\h5\\callService.js","statementMap":{"0":{"start":{"line":6,"column":18},"end":{"line":6,"column":111}},"1":{"start":{"line":7,"column":18},"end":{"line":7,"column":32}},"2":{"start":{"line":8,"column":2},"end":{"line":51,"column":3}},"3":{"start":{"line":11,"column":4},"end":{"line":23,"column":5}},"4":{"start":{"line":12,"column":6},"end":{"line":12,"column":37}},"5":{"start":{"line":14,"column":6},"end":{"line":22,"column":11}},"6":{"start":{"line":16,"column":22},"end":{"line":16,"column":38}},"7":{"start":{"line":17,"column":10},"end":{"line":21,"column":11}},"8":{"start":{"line":18,"column":12},"end":{"line":18,"column":43}},"9":{"start":{"line":20,"column":12},"end":{"line":20,"column":30}},"10":{"start":{"line":24,"column":9},"end":{"line":51,"column":3}},"11":{"start":{"line":25,"column":24},"end":{"line":27,"column":5}},"12":{"start":{"line":29,"column":4},"end":{"line":45,"column":7}},"13":{"start":{"line":30,"column":6},"end":{"line":44,"column":10}},"14":{"start":{"line":38,"column":12},"end":{"line":42,"column":13}},"15":{"start":{"line":39,"column":14},"end":{"line":39,"column":45}},"16":{"start":{"line":41,"column":14},"end":{"line":41,"column":32}},"17":{"start":{"line":47,"column":4},"end":{"line":47,"column":35}},"18":{"start":{"line":48,"column":4},"end":{"line":50,"column":13}},"19":{"start":{"line":49,"column":6},"end":{"line":49,"column":24}}},"fnMap":{"0":{"name":"callService","decl":{"start":{"line":5,"column":9},"end":{"line":5,"column":20}},"loc":{"start":{"line":5,"column":32},"end":{"line":52,"column":1}},"line":5},"1":{"name":"(anonymous_1)","decl":{"start":{"line":15,"column":56},"end":{"line":15,"column":57}},"loc":{"start":{"line":15,"column":66},"end":{"line":22,"column":9}},"line":15},"2":{"name":"(anonymous_2)","decl":{"start":{"line":29,"column":16},"end":{"line":29,"column":17}},"loc":{"start":{"line":29,"column":22},"end":{"line":45,"column":5}},"line":29},"3":{"name":"(anonymous_3)","decl":{"start":{"line":37,"column":10},"end":{"line":37,"column":11}},"loc":{"start":{"line":37,"column":19},"end":{"line":43,"column":11}},"line":37},"4":{"name":"(anonymous_4)","decl":{"start":{"line":48,"column":15},"end":{"line":48,"column":16}},"loc":{"start":{"line":48,"column":21},"end":{"line":50,"column":5}},"line":48}},"branchMap":{"0":{"loc":{"start":{"line":8,"column":2},"end":{"line":51,"column":3}},"type":"if","locations":[{"start":{"line":8,"column":2},"end":{"line":51,"column":3}},{"start":{"line":8,"column":2},"end":{"line":51,"column":3}}],"line":8},"1":{"loc":{"start":{"line":11,"column":4},"end":{"line":23,"column":5}},"type":"if","locations":[{"start":{"line":11,"column":4},"end":{"line":23,"column":5}},{"start":{"line":11,"column":4},"end":{"line":23,"column":5}}],"line":11},"2":{"loc":{"start":{"line":11,"column":8},"end":{"line":11,"column":40}},"type":"binary-expr","locations":[{"start":{"line":11,"column":8},"end":{"line":11,"column":18}},{"start":{"line":11,"column":22},"end":{"line":11,"column":40}}],"line":11},"3":{"loc":{"start":{"line":14,"column":6},"end":{"line":22,"column":10}},"type":"binary-expr","locations":[{"start":{"line":14,"column":6},"end":{"line":14,"column":16}},{"start":{"line":15,"column":8},"end":{"line":22,"column":10}}],"line":14},"4":{"loc":{"start":{"line":17,"column":10},"end":{"line":21,"column":11}},"type":"if","locations":[{"start":{"line":17,"column":10},"end":{"line":21,"column":11}},{"start":{"line":17,"column":10},"end":{"line":21,"column":11}}],"line":17},"5":{"loc":{"start":{"line":24,"column":9},"end":{"line":51,"column":3}},"type":"if","locations":[{"start":{"line":24,"column":9},"end":{"line":51,"column":3}},{"start":{"line":24,"column":9},"end":{"line":51,"column":3}}],"line":24},"6":{"loc":{"start":{"line":26,"column":12},"end":{"line":26,"column":62}},"type":"cond-expr","locations":[{"start":{"line":26,"column":29},"end":{"line":26,"column":37}},{"start":{"line":26,"column":40},"end":{"line":26,"column":62}}],"line":26},"7":{"loc":{"start":{"line":30,"column":6},"end":{"line":44,"column":9}},"type":"binary-expr","locations":[{"start":{"line":30,"column":6},"end":{"line":30,"column":27}},{"start":{"line":31,"column":8},"end":{"line":44,"column":9}}],"line":30},"8":{"loc":{"start":{"line":38,"column":12},"end":{"line":42,"column":13}},"type":"if","locations":[{"start":{"line":38,"column":12},"end":{"line":42,"column":13}},{"start":{"line":38,"column":12},"end":{"line":42,"column":13}}],"line":38}},"s":{"0":8,"1":8,"2":8,"3":3,"4":1,"5":2,"6":2,"7":2,"8":1,"9":1,"10":5,"11":4,"12":4,"13":4,"14":4,"15":3,"16":1,"17":1,"18":1,"19":0},"f":{"0":8,"1":2,"2":4,"3":4,"4":0},"b":{"0":[3,5],"1":[1,2],"2":[3,3],"3":[2,2],"4":[1,1],"5":[4,1],"6":[1,3],"7":[4,4],"8":[3,1]},"_coverageSchema":"332fd63041d2c1bcb487cc26dd0d5f7d97098a6c","hash":"082fd0bf593220449027d82e14a934c7aaadb960"}
,"E:\\project\\imutils\\h5\\getAppVersion.js": {"path":"E:\\project\\imutils\\h5\\getAppVersion.js","statementMap":{"0":{"start":{"line":3,"column":22},"end":{"line":7,"column":1}},"1":{"start":{"line":4,"column":2},"end":{"line":4,"column":34}},"2":{"start":{"line":4,"column":23},"end":{"line":4,"column":32}},"3":{"start":{"line":5,"column":18},"end":{"line":5,"column":75}},"4":{"start":{"line":6,"column":2},"end":{"line":6,"column":22}}},"fnMap":{"0":{"name":"(anonymous_0)","decl":{"start":{"line":3,"column":22},"end":{"line":3,"column":23}},"loc":{"start":{"line":3,"column":34},"end":{"line":7,"column":1}},"line":3}},"branchMap":{"0":{"loc":{"start":{"line":4,"column":2},"end":{"line":4,"column":34}},"type":"if","locations":[{"start":{"line":4,"column":2},"end":{"line":4,"column":34}},{"start":{"line":4,"column":2},"end":{"line":4,"column":34}}],"line":4},"1":{"loc":{"start":{"line":5,"column":19},"end":{"line":5,"column":71}},"type":"binary-expr","locations":[{"start":{"line":5,"column":19},"end":{"line":5,"column":65}},{"start":{"line":5,"column":69},"end":{"line":5,"column":71}}],"line":5},"2":{"loc":{"start":{"line":6,"column":9},"end":{"line":6,"column":21}},"type":"binary-expr","locations":[{"start":{"line":6,"column":9},"end":{"line":6,"column":16}},{"start":{"line":6,"column":20},"end":{"line":6,"column":21}}],"line":6}},"s":{"0":10,"1":3,"2":1,"3":2,"4":2},"f":{"0":3},"b":{"0":[1,2],"1":[2,1],"2":[2,1]},"_coverageSchema":"332fd63041d2c1bcb487cc26dd0d5f7d97098a6c","hash":"28034f7ee7222a7d424fce851aaaf704ac5e0956"}
,"E:\\project\\imutils\\h5\\index.js": {"path":"E:\\project\\imutils\\h5\\index.js","statementMap":{"0":{"start":{"line":10,"column":17},"end":{"line":10,"column":88}},"1":{"start":{"line":11,"column":17},"end":{"line":11,"column":26}},"2":{"start":{"line":13,"column":14},"end":{"line":16,"column":1}},"3":{"start":{"line":14,"column":13},"end":{"line":14,"column":68}},"4":{"start":{"line":15,"column":2},"end":{"line":15,"column":12}},"5":{"start":{"line":19,"column":20},"end":{"line":22,"column":1}},"6":{"start":{"line":20,"column":19},"end":{"line":20,"column":59}},"7":{"start":{"line":21,"column":2},"end":{"line":21,"column":18}},"8":{"start":{"line":24,"column":13},"end":{"line":26,"column":1}},"9":{"start":{"line":25,"column":2},"end":{"line":25,"column":23}},"10":{"start":{"line":28,"column":14},"end":{"line":30,"column":1}},"11":{"start":{"line":29,"column":2},"end":{"line":29,"column":67}},"12":{"start":{"line":36,"column":13},"end":{"line":36,"column":32}},"13":{"start":{"line":37,"column":2},"end":{"line":39,"column":3}},"14":{"start":{"line":38,"column":4},"end":{"line":38,"column":17}},"15":{"start":{"line":41,"column":12},"end":{"line":41,"column":34}},"16":{"start":{"line":42,"column":2},"end":{"line":42,"column":64}},"17":{"start":{"line":48,"column":19},"end":{"line":54,"column":1}},"18":{"start":{"line":49,"column":27},"end":{"line":49,"column":41}},"19":{"start":{"line":50,"column":2},"end":{"line":52,"column":3}},"20":{"start":{"line":51,"column":4},"end":{"line":51,"column":54}},"21":{"start":{"line":53,"column":2},"end":{"line":53,"column":15}},"22":{"start":{"line":62,"column":2},"end":{"line":81,"column":3}},"23":{"start":{"line":63,"column":16},"end":{"line":63,"column":26}},"24":{"start":{"line":64,"column":24},"end":{"line":66,"column":5}},"25":{"start":{"line":67,"column":27},"end":{"line":67,"column":96}},"26":{"start":{"line":68,"column":4},"end":{"line":80,"column":5}},"27":{"start":{"line":69,"column":6},"end":{"line":77,"column":7}},"28":{"start":{"line":70,"column":8},"end":{"line":70,"column":39}},"29":{"start":{"line":72,"column":8},"end":{"line":72,"column":39}},"30":{"start":{"line":73,"column":8},"end":{"line":76,"column":11}},"31":{"start":{"line":79,"column":6},"end":{"line":79,"column":37}},"32":{"start":{"line":85,"column":2},"end":{"line":85,"column":69}}},"fnMap":{"0":{"name":"(anonymous_0)","decl":{"start":{"line":13,"column":14},"end":{"line":13,"column":15}},"loc":{"start":{"line":13,"column":20},"end":{"line":16,"column":1}},"line":13},"1":{"name":"(anonymous_1)","decl":{"start":{"line":19,"column":20},"end":{"line":19,"column":21}},"loc":{"start":{"line":19,"column":26},"end":{"line":22,"column":1}},"line":19},"2":{"name":"(anonymous_2)","decl":{"start":{"line":24,"column":13},"end":{"line":24,"column":14}},"loc":{"start":{"line":24,"column":25},"end":{"line":26,"column":1}},"line":24},"3":{"name":"(anonymous_3)","decl":{"start":{"line":28,"column":14},"end":{"line":28,"column":15}},"loc":{"start":{"line":28,"column":26},"end":{"line":30,"column":1}},"line":28},"4":{"name":"getIOSVersion","decl":{"start":{"line":35,"column":9},"end":{"line":35,"column":22}},"loc":{"start":{"line":35,"column":25},"end":{"line":43,"column":1}},"line":35},"5":{"name":"(anonymous_5)","decl":{"start":{"line":48,"column":19},"end":{"line":48,"column":20}},"loc":{"start":{"line":48,"column":31},"end":{"line":54,"column":1}},"line":48},"6":{"name":"openApp","decl":{"start":{"line":59,"column":9},"end":{"line":59,"column":16}},"loc":{"start":{"line":61,"column":3},"end":{"line":82,"column":1}},"line":61},"7":{"name":"isIphoneX","decl":{"start":{"line":84,"column":9},"end":{"line":84,"column":18}},"loc":{"start":{"line":84,"column":21},"end":{"line":86,"column":1}},"line":84}},"branchMap":{"0":{"loc":{"start":{"line":10,"column":17},"end":{"line":10,"column":88}},"type":"binary-expr","locations":[{"start":{"line":10,"column":17},"end":{"line":10,"column":43}},{"start":{"line":10,"column":47},"end":{"line":10,"column":53}},{"start":{"line":10,"column":57},"end":{"line":10,"column":88}}],"line":10},"1":{"loc":{"start":{"line":14,"column":13},"end":{"line":14,"column":68}},"type":"cond-expr","locations":[{"start":{"line":14,"column":24},"end":{"line":14,"column":26}},{"start":{"line":14,"column":29},"end":{"line":14,"column":68}}],"line":14},"2":{"loc":{"start":{"line":14,"column":29},"end":{"line":14,"column":68}},"type":"binary-expr","locations":[{"start":{"line":14,"column":29},"end":{"line":14,"column":62}},{"start":{"line":14,"column":66},"end":{"line":14,"column":68}}],"line":14},"3":{"loc":{"start":{"line":37,"column":2},"end":{"line":39,"column":3}},"type":"if","locations":[{"start":{"line":37,"column":2},"end":{"line":39,"column":3}},{"start":{"line":37,"column":2},"end":{"line":39,"column":3}}],"line":37},"4":{"loc":{"start":{"line":37,"column":6},"end":{"line":37,"column":91}},"type":"binary-expr","locations":[{"start":{"line":37,"column":6},"end":{"line":37,"column":33}},{"start":{"line":37,"column":37},"end":{"line":37,"column":62}},{"start":{"line":37,"column":66},"end":{"line":37,"column":91}}],"line":37},"5":{"loc":{"start":{"line":50,"column":2},"end":{"line":52,"column":3}},"type":"if","locations":[{"start":{"line":50,"column":2},"end":{"line":52,"column":3}},{"start":{"line":50,"column":2},"end":{"line":52,"column":3}}],"line":50},"6":{"loc":{"start":{"line":60,"column":2},"end":{"line":60,"column":9}},"type":"default-arg","locations":[{"start":{"line":60,"column":7},"end":{"line":60,"column":9}}],"line":60},"7":{"loc":{"start":{"line":62,"column":2},"end":{"line":81,"column":3}},"type":"if","locations":[{"start":{"line":62,"column":2},"end":{"line":81,"column":3}},{"start":{"line":62,"column":2},"end":{"line":81,"column":3}}],"line":62},"8":{"loc":{"start":{"line":65,"column":12},"end":{"line":65,"column":54}},"type":"cond-expr","locations":[{"start":{"line":65,"column":22},"end":{"line":65,"column":34}},{"start":{"line":65,"column":37},"end":{"line":65,"column":54}}],"line":65},"9":{"loc":{"start":{"line":68,"column":4},"end":{"line":80,"column":5}},"type":"if","locations":[{"start":{"line":68,"column":4},"end":{"line":80,"column":5}},{"start":{"line":68,"column":4},"end":{"line":80,"column":5}}],"line":68},"10":{"loc":{"start":{"line":69,"column":6},"end":{"line":77,"column":7}},"type":"if","locations":[{"start":{"line":69,"column":6},"end":{"line":77,"column":7}},{"start":{"line":69,"column":6},"end":{"line":77,"column":7}}],"line":69},"11":{"loc":{"start":{"line":85,"column":9},"end":{"line":85,"column":68}},"type":"binary-expr","locations":[{"start":{"line":85,"column":9},"end":{"line":85,"column":36}},{"start":{"line":85,"column":40},"end":{"line":85,"column":68}}],"line":85}},"s":{"0":13,"1":13,"2":13,"3":2,"4":2,"5":13,"6":2,"7":2,"8":13,"9":2,"10":13,"11":4,"12":5,"13":5,"14":1,"15":4,"16":4,"17":13,"18":2,"19":2,"20":2,"21":0,"22":4,"23":4,"24":4,"25":4,"26":4,"27":3,"28":1,"29":2,"30":2,"31":1,"32":1},"f":{"0":2,"1":2,"2":2,"3":4,"4":5,"5":2,"6":4,"7":1},"b":{"0":[13,13,13],"1":[0,2],"2":[2,0],"3":[1,4],"4":[5,1,1],"5":[2,0],"6":[0],"7":[4,0],"8":[3,1],"9":[3,1],"10":[1,2],"11":[1,1]},"_coverageSchema":"332fd63041d2c1bcb487cc26dd0d5f7d97098a6c","hash":"34e6a82d9b8ea785f669115442b8bfe3ffa74d26"}
,"E:\\project\\imutils\\h5\\isAppInstalled.js": {"path":"E:\\project\\imutils\\h5\\isAppInstalled.js","statementMap":{"0":{"start":{"line":8,"column":2},"end":{"line":35,"column":3}},"1":{"start":{"line":9,"column":24},"end":{"line":11,"column":5}},"2":{"start":{"line":12,"column":4},"end":{"line":32,"column":5}},"3":{"start":{"line":13,"column":6},"end":{"line":25,"column":9}},"4":{"start":{"line":15,"column":8},"end":{"line":24,"column":11}},"5":{"start":{"line":19,"column":10},"end":{"line":23,"column":11}},"6":{"start":{"line":20,"column":12},"end":{"line":20,"column":27}},"7":{"start":{"line":22,"column":12},"end":{"line":22,"column":28}},"8":{"start":{"line":26,"column":11},"end":{"line":32,"column":5}},"9":{"start":{"line":27,"column":6},"end":{"line":29,"column":9}},"10":{"start":{"line":28,"column":8},"end":{"line":28,"column":30}},"11":{"start":{"line":31,"column":6},"end":{"line":31,"column":17}},"12":{"start":{"line":34,"column":4},"end":{"line":34,"column":15}}},"fnMap":{"0":{"name":"isAppInstalled","decl":{"start":{"line":7,"column":9},"end":{"line":7,"column":23}},"loc":{"start":{"line":7,"column":34},"end":{"line":36,"column":1}},"line":7},"1":{"name":"(anonymous_1)","decl":{"start":{"line":13,"column":18},"end":{"line":13,"column":19}},"loc":{"start":{"line":13,"column":24},"end":{"line":25,"column":7}},"line":13},"2":{"name":"(anonymous_2)","decl":{"start":{"line":18,"column":11},"end":{"line":18,"column":12}},"loc":{"start":{"line":18,"column":20},"end":{"line":24,"column":9}},"line":18},"3":{"name":"(anonymous_3)","decl":{"start":{"line":27,"column":54},"end":{"line":27,"column":55}},"loc":{"start":{"line":27,"column":71},"end":{"line":29,"column":7}},"line":27}},"branchMap":{"0":{"loc":{"start":{"line":8,"column":2},"end":{"line":35,"column":3}},"type":"if","locations":[{"start":{"line":8,"column":2},"end":{"line":35,"column":3}},{"start":{"line":8,"column":2},"end":{"line":35,"column":3}}],"line":8},"1":{"loc":{"start":{"line":10,"column":12},"end":{"line":10,"column":61}},"type":"cond-expr","locations":[{"start":{"line":10,"column":29},"end":{"line":10,"column":41}},{"start":{"line":10,"column":44},"end":{"line":10,"column":61}}],"line":10},"2":{"loc":{"start":{"line":12,"column":4},"end":{"line":32,"column":5}},"type":"if","locations":[{"start":{"line":12,"column":4},"end":{"line":32,"column":5}},{"start":{"line":12,"column":4},"end":{"line":32,"column":5}}],"line":12},"3":{"loc":{"start":{"line":19,"column":10},"end":{"line":23,"column":11}},"type":"if","locations":[{"start":{"line":19,"column":10},"end":{"line":23,"column":11}},{"start":{"line":19,"column":10},"end":{"line":23,"column":11}}],"line":19},"4":{"loc":{"start":{"line":26,"column":11},"end":{"line":32,"column":5}},"type":"if","locations":[{"start":{"line":26,"column":11},"end":{"line":32,"column":5}},{"start":{"line":26,"column":11},"end":{"line":32,"column":5}}],"line":26}},"s":{"0":7,"1":6,"2":6,"3":3,"4":3,"5":3,"6":2,"7":1,"8":3,"9":2,"10":2,"11":1,"12":1},"f":{"0":7,"1":3,"2":3,"3":2},"b":{"0":[6,1],"1":[3,3],"2":[3,3],"3":[2,1],"4":[2,1]},"_coverageSchema":"332fd63041d2c1bcb487cc26dd0d5f7d97098a6c","hash":"0b692bf1b43475c08ef918fed50f97e56682ee3e"}
,"E:\\project\\imutils\\h5\\jumpToNativePage.js": {"path":"E:\\project\\imutils\\h5\\jumpToNativePage.js","statementMap":{"0":{"start":{"line":5,"column":2},"end":{"line":16,"column":3}},"1":{"start":{"line":6,"column":4},"end":{"line":8,"column":7}},"2":{"start":{"line":9,"column":9},"end":{"line":16,"column":3}},"3":{"start":{"line":10,"column":4},"end":{"line":13,"column":7}},"4":{"start":{"line":15,"column":4},"end":{"line":15,"column":24}}},"fnMap":{"0":{"name":"jumpToNativePage","decl":{"start":{"line":4,"column":9},"end":{"line":4,"column":25}},"loc":{"start":{"line":4,"column":31},"end":{"line":17,"column":1}},"line":4}},"branchMap":{"0":{"loc":{"start":{"line":5,"column":2},"end":{"line":16,"column":3}},"type":"if","locations":[{"start":{"line":5,"column":2},"end":{"line":16,"column":3}},{"start":{"line":5,"column":2},"end":{"line":16,"column":3}}],"line":5},"1":{"loc":{"start":{"line":9,"column":9},"end":{"line":16,"column":3}},"type":"if","locations":[{"start":{"line":9,"column":9},"end":{"line":16,"column":3}},{"start":{"line":9,"column":9},"end":{"line":16,"column":3}}],"line":9}},"s":{"0":3,"1":1,"2":2,"3":1,"4":1},"f":{"0":3},"b":{"0":[1,2],"1":[1,1]},"_coverageSchema":"332fd63041d2c1bcb487cc26dd0d5f7d97098a6c","hash":"4557a6ffde4465e7e23d03dd545d0256018dbbb0"}
,"E:\\project\\imutils\\h5\\openAppPage.js": {"path":"E:\\project\\imutils\\h5\\openAppPage.js","statementMap":{"0":{"start":{"line":10,"column":2},"end":{"line":12,"column":3}},"1":{"start":{"line":11,"column":4},"end":{"line":11,"column":11}},"2":{"start":{"line":14,"column":2},"end":{"line":14,"column":24}},"3":{"start":{"line":16,"column":12},"end":{"line":16,"column":43}},"4":{"start":{"line":17,"column":2},"end":{"line":21,"column":3}},"5":{"start":{"line":18,"column":4},"end":{"line":20,"column":5}},"6":{"start":{"line":19,"column":6},"end":{"line":19,"column":44}},"7":{"start":{"line":23,"column":16},"end":{"line":23,"column":44}},"8":{"start":{"line":29,"column":2},"end":{"line":37,"column":3}},"9":{"start":{"line":30,"column":4},"end":{"line":30,"column":25}},"10":{"start":{"line":31,"column":9},"end":{"line":37,"column":3}},"11":{"start":{"line":32,"column":4},"end":{"line":34,"column":7}},"12":{"start":{"line":36,"column":4},"end":{"line":36,"column":68}}},"fnMap":{"0":{"name":"openAppPage","decl":{"start":{"line":9,"column":9},"end":{"line":9,"column":20}},"loc":{"start":{"line":9,"column":35},"end":{"line":38,"column":1}},"line":9}},"branchMap":{"0":{"loc":{"start":{"line":10,"column":2},"end":{"line":12,"column":3}},"type":"if","locations":[{"start":{"line":10,"column":2},"end":{"line":12,"column":3}},{"start":{"line":10,"column":2},"end":{"line":12,"column":3}}],"line":10},"1":{"loc":{"start":{"line":14,"column":11},"end":{"line":14,"column":23}},"type":"binary-expr","locations":[{"start":{"line":14,"column":11},"end":{"line":14,"column":17}},{"start":{"line":14,"column":21},"end":{"line":14,"column":23}}],"line":14},"2":{"loc":{"start":{"line":18,"column":4},"end":{"line":20,"column":5}},"type":"if","locations":[{"start":{"line":18,"column":4},"end":{"line":20,"column":5}},{"start":{"line":18,"column":4},"end":{"line":20,"column":5}}],"line":18},"3":{"loc":{"start":{"line":23,"column":16},"end":{"line":23,"column":44}},"type":"binary-expr","locations":[{"start":{"line":23,"column":16},"end":{"line":23,"column":26}},{"start":{"line":23,"column":30},"end":{"line":23,"column":44}}],"line":23},"4":{"loc":{"start":{"line":29,"column":2},"end":{"line":37,"column":3}},"type":"if","locations":[{"start":{"line":29,"column":2},"end":{"line":37,"column":3}},{"start":{"line":29,"column":2},"end":{"line":37,"column":3}}],"line":29},"5":{"loc":{"start":{"line":31,"column":9},"end":{"line":37,"column":3}},"type":"if","locations":[{"start":{"line":31,"column":9},"end":{"line":37,"column":3}},{"start":{"line":31,"column":9},"end":{"line":37,"column":3}}],"line":31},"6":{"loc":{"start":{"line":31,"column":13},"end":{"line":31,"column":60}},"type":"binary-expr","locations":[{"start":{"line":31,"column":13},"end":{"line":31,"column":25}},{"start":{"line":31,"column":30},"end":{"line":31,"column":35}},{"start":{"line":31,"column":39},"end":{"line":31,"column":59}}],"line":31}},"s":{"0":3,"1":0,"2":3,"3":3,"4":3,"5":3,"6":3,"7":3,"8":3,"9":1,"10":2,"11":1,"12":1},"f":{"0":3},"b":{"0":[0,3],"1":[3,0],"2":[3,0],"3":[3,3],"4":[1,2],"5":[1,1],"6":[2,1,1]},"_coverageSchema":"332fd63041d2c1bcb487cc26dd0d5f7d97098a6c","hash":"fc3753c96f93ee6079aac84b1ea8e10c4cf3a43b"}
,"E:\\project\\imutils\\h5\\openUrlByIframe.js": {"path":"E:\\project\\imutils\\h5\\openUrlByIframe.js","statementMap":{"0":{"start":{"line":6,"column":20},"end":{"line":6,"column":88}},"1":{"start":{"line":7,"column":2},"end":{"line":22,"column":3}},"2":{"start":{"line":8,"column":4},"end":{"line":20,"column":7}},"3":{"start":{"line":9,"column":6},"end":{"line":19,"column":9}},"4":{"start":{"line":14,"column":8},"end":{"line":18,"column":9}},"5":{"start":{"line":17,"column":10},"end":{"line":17,"column":29}},"6":{"start":{"line":21,"column":4},"end":{"line":21,"column":11}},"7":{"start":{"line":24,"column":12},"end":{"line":24,"column":44}},"8":{"start":{"line":25,"column":2},"end":{"line":25,"column":57}},"9":{"start":{"line":26,"column":2},"end":{"line":28,"column":4}},"10":{"start":{"line":27,"column":4},"end":{"line":27,"column":32}},"11":{"start":{"line":29,"column":2},"end":{"line":29,"column":30}},"12":{"start":{"line":31,"column":2},"end":{"line":31,"column":14}},"13":{"start":{"line":32,"column":2},"end":{"line":32,"column":31}},"14":{"start":{"line":33,"column":2},"end":{"line":33,"column":29}},"15":{"start":{"line":34,"column":2},"end":{"line":34,"column":17}}},"fnMap":{"0":{"name":"openUrlByIframe","decl":{"start":{"line":5,"column":9},"end":{"line":5,"column":24}},"loc":{"start":{"line":5,"column":38},"end":{"line":35,"column":1}},"line":5},"1":{"name":"(anonymous_1)","decl":{"start":{"line":8,"column":16},"end":{"line":8,"column":17}},"loc":{"start":{"line":8,"column":22},"end":{"line":20,"column":5}},"line":8},"2":{"name":"(anonymous_2)","decl":{"start":{"line":11,"column":9},"end":{"line":11,"column":10}},"loc":{"start":{"line":11,"column":18},"end":{"line":19,"column":7}},"line":11},"3":{"name":"(anonymous_3)","decl":{"start":{"line":26,"column":13},"end":{"line":26,"column":14}},"loc":{"start":{"line":26,"column":25},"end":{"line":28,"column":3}},"line":26},"4":{"name":"(anonymous_4)","decl":{"start":{"line":29,"column":14},"end":{"line":29,"column":15}},"loc":{"start":{"line":29,"column":26},"end":{"line":29,"column":29}},"line":29}},"branchMap":{"0":{"loc":{"start":{"line":6,"column":21},"end":{"line":6,"column":84}},"type":"binary-expr","locations":[{"start":{"line":6,"column":21},"end":{"line":6,"column":78}},{"start":{"line":6,"column":82},"end":{"line":6,"column":84}}],"line":6},"1":{"loc":{"start":{"line":7,"column":2},"end":{"line":22,"column":3}},"type":"if","locations":[{"start":{"line":7,"column":2},"end":{"line":22,"column":3}},{"start":{"line":7,"column":2},"end":{"line":22,"column":3}}],"line":7},"2":{"loc":{"start":{"line":9,"column":6},"end":{"line":19,"column":8}},"type":"binary-expr","locations":[{"start":{"line":9,"column":6},"end":{"line":9,"column":27}},{"start":{"line":9,"column":31},"end":{"line":19,"column":8}}],"line":9},"3":{"loc":{"start":{"line":14,"column":8},"end":{"line":18,"column":9}},"type":"if","locations":[{"start":{"line":14,"column":8},"end":{"line":18,"column":9}},{"start":{"line":14,"column":8},"end":{"line":18,"column":9}}],"line":14},"4":{"loc":{"start":{"line":17,"column":10},"end":{"line":17,"column":28}},"type":"binary-expr","locations":[{"start":{"line":17,"column":10},"end":{"line":17,"column":16}},{"start":{"line":17,"column":20},"end":{"line":17,"column":28}}],"line":17}},"s":{"0":2,"1":2,"2":2,"3":2,"4":2,"5":1,"6":2,"7":0,"8":0,"9":0,"10":0,"11":0,"12":0,"13":0,"14":0,"15":0},"f":{"0":2,"1":2,"2":2,"3":0,"4":0},"b":{"0":[2,0],"1":[2,0],"2":[2,2],"3":[1,1],"4":[1,1]},"_coverageSchema":"332fd63041d2c1bcb487cc26dd0d5f7d97098a6c","hash":"184c9543d2a1703068a4ece6de415638458ffc8b"}
,"E:\\project\\imutils\\h5\\showTips.js": {"path":"E:\\project\\imutils\\h5\\showTips.js","statementMap":{"0":{"start":{"line":1,"column":17},"end":{"line":59,"column":1}},"1":{"start":{"line":3,"column":18},"end":{"line":11,"column":10}},"2":{"start":{"line":4,"column":15},"end":{"line":4,"column":55}},"3":{"start":{"line":5,"column":6},"end":{"line":10,"column":7}},"4":{"start":{"line":6,"column":8},"end":{"line":6,"column":31}},"5":{"start":{"line":7,"column":8},"end":{"line":7,"column":39}},"6":{"start":{"line":9,"column":8},"end":{"line":9,"column":45}},"7":{"start":{"line":15,"column":18},"end":{"line":25,"column":10}},"8":{"start":{"line":16,"column":15},"end":{"line":16,"column":55}},"9":{"start":{"line":17,"column":6},"end":{"line":24,"column":7}},"10":{"start":{"line":18,"column":8},"end":{"line":18,"column":31}},"11":{"start":{"line":19,"column":8},"end":{"line":21,"column":25}},"12":{"start":{"line":20,"column":10},"end":{"line":20,"column":22}},"13":{"start":{"line":23,"column":8},"end":{"line":23,"column":45}},"14":{"start":{"line":28,"column":18},"end":{"line":28,"column":28}},"15":{"start":{"line":30,"column":21},"end":{"line":30,"column":39}},"16":{"start":{"line":31,"column":2},"end":{"line":37,"column":3}},"17":{"start":{"line":32,"column":4},"end":{"line":32,"column":15}},"18":{"start":{"line":33,"column":4},"end":{"line":33,"column":21}},"19":{"start":{"line":35,"column":4},"end":{"line":35,"column":45}},"20":{"start":{"line":36,"column":4},"end":{"line":36,"column":28}},"21":{"start":{"line":39,"column":17},"end":{"line":39,"column":19}},"22":{"start":{"line":41,"column":2},"end":{"line":43,"column":3}},"23":{"start":{"line":42,"column":4},"end":{"line":42,"column":34}},"24":{"start":{"line":45,"column":12},"end":{"line":45,"column":41}},"25":{"start":{"line":46,"column":2},"end":{"line":46,"column":30}},"26":{"start":{"line":47,"column":2},"end":{"line":47,"column":100}},"27":{"start":{"line":48,"column":2},"end":{"line":48,"column":26}},"28":{"start":{"line":50,"column":13},"end":{"line":50,"column":43}},"29":{"start":{"line":51,"column":2},"end":{"line":51,"column":36}},"30":{"start":{"line":52,"column":2},"end":{"line":52,"column":24}},"31":{"start":{"line":53,"column":2},"end":{"line":54,"column":89}},"32":{"start":{"line":56,"column":2},"end":{"line":56,"column":24}},"33":{"start":{"line":57,"column":2},"end":{"line":57,"column":33}},"34":{"start":{"line":58,"column":2},"end":{"line":58,"column":11}}},"fnMap":{"0":{"name":"(anonymous_0)","decl":{"start":{"line":1,"column":17},"end":{"line":1,"column":18}},"loc":{"start":{"line":1,"column":38},"end":{"line":59,"column":1}},"line":1},"1":{"name":"disappear","decl":{"start":{"line":2,"column":11},"end":{"line":2,"column":20}},"loc":{"start":{"line":2,"column":23},"end":{"line":12,"column":3}},"line":2},"2":{"name":"(anonymous_2)","decl":{"start":{"line":3,"column":30},"end":{"line":3,"column":31}},"loc":{"start":{"line":3,"column":42},"end":{"line":11,"column":5}},"line":3},"3":{"name":"appear","decl":{"start":{"line":14,"column":11},"end":{"line":14,"column":17}},"loc":{"start":{"line":14,"column":20},"end":{"line":26,"column":3}},"line":14},"4":{"name":"(anonymous_4)","decl":{"start":{"line":15,"column":30},"end":{"line":15,"column":31}},"loc":{"start":{"line":15,"column":42},"end":{"line":25,"column":5}},"line":15},"5":{"name":"(anonymous_5)","decl":{"start":{"line":19,"column":19},"end":{"line":19,"column":20}},"loc":{"start":{"line":19,"column":31},"end":{"line":21,"column":9}},"line":19}},"branchMap":{"0":{"loc":{"start":{"line":5,"column":6},"end":{"line":10,"column":7}},"type":"if","locations":[{"start":{"line":5,"column":6},"end":{"line":10,"column":7}},{"start":{"line":5,"column":6},"end":{"line":10,"column":7}}],"line":5},"1":{"loc":{"start":{"line":17,"column":6},"end":{"line":24,"column":7}},"type":"if","locations":[{"start":{"line":17,"column":6},"end":{"line":24,"column":7}},{"start":{"line":17,"column":6},"end":{"line":24,"column":7}}],"line":17},"2":{"loc":{"start":{"line":21,"column":11},"end":{"line":21,"column":23}},"type":"binary-expr","locations":[{"start":{"line":21,"column":11},"end":{"line":21,"column":15}},{"start":{"line":21,"column":19},"end":{"line":21,"column":23}}],"line":21},"3":{"loc":{"start":{"line":31,"column":2},"end":{"line":37,"column":3}},"type":"if","locations":[{"start":{"line":31,"column":2},"end":{"line":37,"column":3}},{"start":{"line":31,"column":2},"end":{"line":37,"column":3}}],"line":31},"4":{"loc":{"start":{"line":36,"column":11},"end":{"line":36,"column":27}},"type":"binary-expr","locations":[{"start":{"line":36,"column":11},"end":{"line":36,"column":19}},{"start":{"line":36,"column":23},"end":{"line":36,"column":27}}],"line":36}},"s":{"0":10,"1":0,"2":0,"3":0,"4":0,"5":0,"6":0,"7":0,"8":0,"9":0,"10":0,"11":0,"12":0,"13":0,"14":0,"15":0,"16":0,"17":0,"18":0,"19":0,"20":0,"21":0,"22":0,"23":0,"24":0,"25":0,"26":0,"27":0,"28":0,"29":0,"30":0,"31":0,"32":0,"33":0,"34":0},"f":{"0":0,"1":0,"2":0,"3":0,"4":0,"5":0},"b":{"0":[0,0],"1":[0,0],"2":[0,0],"3":[0,0],"4":[0,0]},"_coverageSchema":"332fd63041d2c1bcb487cc26dd0d5f7d97098a6c","hash":"3d17809ea906f046c124169850d387b853b6b8f1"}
,"E:\\project\\imutils\\h5\\versionfunegt.js": {"path":"E:\\project\\imutils\\h5\\versionfunegt.js","statementMap":{"0":{"start":{"line":2,"column":22},"end":{"line":2,"column":38}},"1":{"start":{"line":3,"column":22},"end":{"line":3,"column":38}},"2":{"start":{"line":4,"column":23},"end":{"line":4,"column":66}},"3":{"start":{"line":5,"column":23},"end":{"line":5,"column":66}},"4":{"start":{"line":6,"column":2},"end":{"line":16,"column":3}},"5":{"start":{"line":7,"column":4},"end":{"line":7,"column":16}},"6":{"start":{"line":8,"column":9},"end":{"line":16,"column":3}},"7":{"start":{"line":9,"column":4},"end":{"line":9,"column":17}},"8":{"start":{"line":11,"column":4},"end":{"line":15,"column":5}},"9":{"start":{"line":12,"column":6},"end":{"line":12,"column":18}},"10":{"start":{"line":14,"column":6},"end":{"line":14,"column":19}}},"fnMap":{"0":{"name":"versionfunegt","decl":{"start":{"line":1,"column":9},"end":{"line":1,"column":22}},"loc":{"start":{"line":1,"column":35},"end":{"line":17,"column":1}},"line":1}},"branchMap":{"0":{"loc":{"start":{"line":6,"column":2},"end":{"line":16,"column":3}},"type":"if","locations":[{"start":{"line":6,"column":2},"end":{"line":16,"column":3}},{"start":{"line":6,"column":2},"end":{"line":16,"column":3}}],"line":6},"1":{"loc":{"start":{"line":8,"column":9},"end":{"line":16,"column":3}},"type":"if","locations":[{"start":{"line":8,"column":9},"end":{"line":16,"column":3}},{"start":{"line":8,"column":9},"end":{"line":16,"column":3}}],"line":8},"2":{"loc":{"start":{"line":11,"column":4},"end":{"line":15,"column":5}},"type":"if","locations":[{"start":{"line":11,"column":4},"end":{"line":15,"column":5}},{"start":{"line":11,"column":4},"end":{"line":15,"column":5}}],"line":11}},"s":{"0":5,"1":5,"2":5,"3":5,"4":5,"5":1,"6":4,"7":0,"8":4,"9":3,"10":1},"f":{"0":5},"b":{"0":[1,4],"1":[0,4],"2":[3,1]},"_coverageSchema":"332fd63041d2c1bcb487cc26dd0d5f7d97098a6c","hash":"ee50e0c815403e0fb5efb7a48329e98c07c63759"}
,"E:\\project\\imutils\\h5\\weiXinApply.js": {"path":"E:\\project\\imutils\\h5\\weiXinApply.js","statementMap":{"0":{"start":{"line":2,"column":20},"end":{"line":11,"column":1}},"1":{"start":{"line":3,"column":2},"end":{"line":10,"column":3}},"2":{"start":{"line":7,"column":4},"end":{"line":7,"column":15}},"3":{"start":{"line":9,"column":4},"end":{"line":9,"column":70}}},"fnMap":{"0":{"name":"(anonymous_0)","decl":{"start":{"line":2,"column":20},"end":{"line":2,"column":21}},"loc":{"start":{"line":2,"column":40},"end":{"line":11,"column":1}},"line":2}},"branchMap":{"0":{"loc":{"start":{"line":3,"column":2},"end":{"line":10,"column":3}},"type":"if","locations":[{"start":{"line":3,"column":2},"end":{"line":10,"column":3}},{"start":{"line":3,"column":2},"end":{"line":10,"column":3}}],"line":3},"1":{"loc":{"start":{"line":4,"column":4},"end":{"line":5,"column":54}},"type":"binary-expr","locations":[{"start":{"line":4,"column":4},"end":{"line":4,"column":45}},{"start":{"line":5,"column":4},"end":{"line":5,"column":54}}],"line":4}},"s":{"0":11,"1":2,"2":1,"3":1},"f":{"0":2},"b":{"0":[1,1],"1":[2,2]},"_coverageSchema":"332fd63041d2c1bcb487cc26dd0d5f7d97098a6c","hash":"a122ff34879d98c51e4cb6b72fee805edea0ea81"}
}
