TN:
SF:E:\project\imutils\h5\callBussinessQQ.js
FN:7,callBussinessQQ
FNF:1
FNH:1
FNDA:6,callBussinessQQ
DA:8,6
DA:9,6
DA:10,4
DA:11,1
DA:13,3
DA:17,2
DA:18,1
DA:23,1
LF:8
LH:8
BRDA:9,0,0,4
BRDA:9,0,1,2
BRDA:10,1,0,1
BRDA:10,1,1,3
BRDA:10,2,0,4
BRDA:10,2,1,2
BRDA:17,3,0,1
BRDA:17,3,1,1
BRF:8
BRH:8
end_of_record
TN:
SF:E:\project\imutils\h5\callService.js
FN:5,callService
FN:15,(anonymous_1)
FN:29,(anonymous_2)
FN:37,(anonymous_3)
FN:48,(anonymous_4)
FNF:5
FNH:4
FNDA:8,callService
FNDA:2,(anonymous_1)
FNDA:4,(anonymous_2)
FNDA:4,(anonymous_3)
FNDA:0,(anonymous_4)
DA:6,8
DA:7,8
DA:8,8
DA:11,3
DA:12,1
DA:14,2
DA:16,2
DA:17,2
DA:18,1
DA:20,1
DA:24,5
DA:25,4
DA:29,4
DA:30,4
DA:38,4
DA:39,3
DA:41,1
DA:47,1
DA:48,1
DA:49,0
LF:20
LH:19
BRDA:8,0,0,3
BRDA:8,0,1,5
BRDA:11,1,0,1
BRDA:11,1,1,2
BRDA:11,2,0,3
BRDA:11,2,1,3
BRDA:14,3,0,2
BRDA:14,3,1,2
BRDA:17,4,0,1
BRDA:17,4,1,1
BRDA:24,5,0,4
BRDA:24,5,1,1
BRDA:26,6,0,1
BRDA:26,6,1,3
BRDA:30,7,0,4
BRDA:30,7,1,4
BRDA:38,8,0,3
BRDA:38,8,1,1
BRF:18
BRH:18
end_of_record
TN:
SF:E:\project\imutils\h5\getAppVersion.js
FN:3,(anonymous_0)
FNF:1
FNH:1
FNDA:3,(anonymous_0)
DA:3,10
DA:4,3
DA:5,2
DA:6,2
LF:4
LH:4
BRDA:4,0,0,1
BRDA:4,0,1,2
BRDA:5,1,0,2
BRDA:5,1,1,1
BRDA:6,2,0,2
BRDA:6,2,1,1
BRF:6
BRH:6
end_of_record
TN:
SF:E:\project\imutils\h5\index.js
FN:13,(anonymous_0)
FN:19,(anonymous_1)
FN:24,(anonymous_2)
FN:28,(anonymous_3)
FN:35,getIOSVersion
FN:48,(anonymous_5)
FN:59,openApp
FN:84,isIphoneX
FNF:8
FNH:8
FNDA:2,(anonymous_0)
FNDA:2,(anonymous_1)
FNDA:2,(anonymous_2)
FNDA:4,(anonymous_3)
FNDA:5,getIOSVersion
FNDA:2,(anonymous_5)
FNDA:4,openApp
FNDA:1,isIphoneX
DA:10,13
DA:11,13
DA:13,13
DA:14,2
DA:15,2
DA:19,13
DA:20,2
DA:21,2
DA:24,13
DA:25,2
DA:28,13
DA:29,4
DA:36,5
DA:37,5
DA:38,1
DA:41,4
DA:42,4
DA:48,13
DA:49,2
DA:50,2
DA:51,2
DA:53,0
DA:62,4
DA:63,4
DA:64,4
DA:67,4
DA:68,4
DA:69,3
DA:70,1
DA:72,2
DA:73,2
DA:79,1
DA:85,1
LF:33
LH:32
BRDA:10,0,0,13
BRDA:10,0,1,13
BRDA:10,0,2,13
BRDA:14,1,0,0
BRDA:14,1,1,2
BRDA:14,2,0,2
BRDA:14,2,1,0
BRDA:37,3,0,1
BRDA:37,3,1,4
BRDA:37,4,0,5
BRDA:37,4,1,1
BRDA:37,4,2,1
BRDA:50,5,0,2
BRDA:50,5,1,0
BRDA:60,6,0,0
BRDA:62,7,0,4
BRDA:62,7,1,0
BRDA:65,8,0,3
BRDA:65,8,1,1
BRDA:68,9,0,3
BRDA:68,9,1,1
BRDA:69,10,0,1
BRDA:69,10,1,2
BRDA:85,11,0,1
BRDA:85,11,1,1
BRF:25
BRH:20
end_of_record
TN:
SF:E:\project\imutils\h5\isAppInstalled.js
FN:7,isAppInstalled
FN:13,(anonymous_1)
FN:18,(anonymous_2)
FN:27,(anonymous_3)
FNF:4
FNH:4
FNDA:7,isAppInstalled
FNDA:3,(anonymous_1)
FNDA:3,(anonymous_2)
FNDA:2,(anonymous_3)
DA:8,7
DA:9,6
DA:12,6
DA:13,3
DA:15,3
DA:19,3
DA:20,2
DA:22,1
DA:26,3
DA:27,2
DA:28,2
DA:31,1
DA:34,1
LF:13
LH:13
BRDA:8,0,0,6
BRDA:8,0,1,1
BRDA:10,1,0,3
BRDA:10,1,1,3
BRDA:12,2,0,3
BRDA:12,2,1,3
BRDA:19,3,0,2
BRDA:19,3,1,1
BRDA:26,4,0,2
BRDA:26,4,1,1
BRF:10
BRH:10
end_of_record
TN:
SF:E:\project\imutils\h5\jumpToNativePage.js
FN:4,jumpToNativePage
FNF:1
FNH:1
FNDA:3,jumpToNativePage
DA:5,3
DA:6,1
DA:9,2
DA:10,1
DA:15,1
LF:5
LH:5
BRDA:5,0,0,1
BRDA:5,0,1,2
BRDA:9,1,0,1
BRDA:9,1,1,1
BRF:4
BRH:4
end_of_record
TN:
SF:E:\project\imutils\h5\openAppPage.js
FN:9,openAppPage
FNF:1
FNH:1
FNDA:3,openAppPage
DA:10,3
DA:11,0
DA:14,3
DA:16,3
DA:17,3
DA:18,3
DA:19,3
DA:23,3
DA:29,3
DA:30,1
DA:31,2
DA:32,1
DA:36,1
LF:13
LH:12
BRDA:10,0,0,0
BRDA:10,0,1,3
BRDA:14,1,0,3
BRDA:14,1,1,0
BRDA:18,2,0,3
BRDA:18,2,1,0
BRDA:23,3,0,3
BRDA:23,3,1,3
BRDA:29,4,0,1
BRDA:29,4,1,2
BRDA:31,5,0,1
BRDA:31,5,1,1
BRDA:31,6,0,2
BRDA:31,6,1,1
BRDA:31,6,2,1
BRF:15
BRH:12
end_of_record
TN:
SF:E:\project\imutils\h5\openUrlByIframe.js
FN:5,openUrlByIframe
FN:8,(anonymous_1)
FN:11,(anonymous_2)
FN:26,(anonymous_3)
FN:29,(anonymous_4)
FNF:5
FNH:3
FNDA:2,openUrlByIframe
FNDA:2,(anonymous_1)
FNDA:2,(anonymous_2)
FNDA:0,(anonymous_3)
FNDA:0,(anonymous_4)
DA:6,2
DA:7,2
DA:8,2
DA:9,2
DA:14,2
DA:17,1
DA:21,2
DA:24,0
DA:25,0
DA:26,0
DA:27,0
DA:29,0
DA:31,0
DA:32,0
DA:33,0
DA:34,0
LF:16
LH:7
BRDA:6,0,0,2
BRDA:6,0,1,0
BRDA:7,1,0,2
BRDA:7,1,1,0
BRDA:9,2,0,2
BRDA:9,2,1,2
BRDA:14,3,0,1
BRDA:14,3,1,1
BRDA:17,4,0,1
BRDA:17,4,1,1
BRF:10
BRH:8
end_of_record
TN:
SF:E:\project\imutils\h5\showTips.js
FN:1,(anonymous_0)
FN:2,disappear
FN:3,(anonymous_2)
FN:14,appear
FN:15,(anonymous_4)
FN:19,(anonymous_5)
FNF:6
FNH:0
FNDA:0,(anonymous_0)
FNDA:0,disappear
FNDA:0,(anonymous_2)
FNDA:0,appear
FNDA:0,(anonymous_4)
FNDA:0,(anonymous_5)
DA:1,10
DA:3,0
DA:4,0
DA:5,0
DA:6,0
DA:7,0
DA:9,0
DA:15,0
DA:16,0
DA:17,0
DA:18,0
DA:19,0
DA:20,0
DA:23,0
DA:28,0
DA:30,0
DA:31,0
DA:32,0
DA:33,0
DA:35,0
DA:36,0
DA:39,0
DA:41,0
DA:42,0
DA:45,0
DA:46,0
DA:47,0
DA:48,0
DA:50,0
DA:51,0
DA:52,0
DA:53,0
DA:56,0
DA:57,0
DA:58,0
LF:35
LH:1
BRDA:5,0,0,0
BRDA:5,0,1,0
BRDA:17,1,0,0
BRDA:17,1,1,0
BRDA:21,2,0,0
BRDA:21,2,1,0
BRDA:31,3,0,0
BRDA:31,3,1,0
BRDA:36,4,0,0
BRDA:36,4,1,0
BRF:10
BRH:0
end_of_record
TN:
SF:E:\project\imutils\h5\versionfunegt.js
FN:1,versionfunegt
FNF:1
FNH:1
FNDA:5,versionfunegt
DA:2,5
DA:3,5
DA:4,5
DA:5,5
DA:6,5
DA:7,1
DA:8,4
DA:9,0
DA:11,4
DA:12,3
DA:14,1
LF:11
LH:10
BRDA:6,0,0,1
BRDA:6,0,1,4
BRDA:8,1,0,0
BRDA:8,1,1,4
BRDA:11,2,0,3
BRDA:11,2,1,1
BRF:6
BRH:5
end_of_record
TN:
SF:E:\project\imutils\h5\weiXinApply.js
FN:2,(anonymous_0)
FNF:1
FNH:1
FNDA:2,(anonymous_0)
DA:2,11
DA:3,2
DA:7,1
DA:9,1
LF:4
LH:4
BRDA:3,0,0,1
BRDA:3,0,1,1
BRDA:4,1,0,2
BRDA:4,1,1,2
BRF:4
BRH:4
end_of_record
